<?xml version="1.0" encoding="UTF-8"?>
<!-- Generated by org.testng.reporters.JUnitXMLReporter -->
<testsuite hostname="MacBook-Pro" ignored="0" name="Surefire test" tests="5" failures="0" timestamp="05 Nov 2017 09:58:14 GMT" time="20.629" errors="0">
  <testcase name="testCreateWishList" time="14.993" classname="wishlist.TestWishListMgr"/>
  <testcase name="testaddToInvalidWishList" time="0.856" classname="wishlist.TestWishListMgr"/>
  <testcase name="testaddToWishList" time="2.968" classname="wishlist.TestWishListMgr"/>
  <testcase name="testGetWishList" time="0.679" classname="wishlist.TestWishListMgr"/>
  <testcase name="deleteWishList" time="1.116" classname="wishlist.TestWishListMgr"/>
</testsuite> <!-- Surefire test -->
