<?xml version="1.0" encoding="UTF-8"?>
<!-- Generated by org.testng.reporters.JUnitXMLReporter -->
<testsuite hostname="MacBook-Pro" ignored="2" name="Command line test" tests="20" failures="0" timestamp="05 Nov 2017 07:19:40 GMT" time="22.123" errors="0">
  <testcase name="testCreateWishList" time="3.373" classname="wishlist.TestWishListMgr"/>
  <testcase name="testaddToInvalidWishList" time="0.388" classname="wishlist.TestWishListMgr"/>
  <testcase name="getUserById" time="0.528" classname="dynamoDB.TestDynamoDbClient"/>
  <testcase name="testAmazonDynamoDBClientCreation" time="0.0" classname="dynamoDB.TestDynamoDbClient"/>
  <testcase name="testLocationDetailsPersistance" time="0.409" classname="dynamoDB.TestDynamoDbClient"/>
  <testcase name="testUserDetailsPersistance" time="0.408" classname="dynamoDB.TestDynamoDbClient"/>
  <testcase name="testWishlistDetailsPersistance" time="4.505" classname="dynamoDB.TestDynamoDbClient"/>
  <testcase name="testaddToWishList" time="1.285" classname="wishlist.TestWishListMgr"/>
  <testcase name="testListOfLocsByCountry" time="0.527" classname="locationbrowser.TestLocationBrowser"/>
  <testcase name="testListOfLocsByDistance" time="0.446" classname="locationbrowser.TestLocationBrowser"/>
  <testcase name="testListOfLocsByVotes" time="0.405" classname="locationbrowser.TestLocationBrowser"/>
  <testcase name="testGetWishList" time="0.415" classname="wishlist.TestWishListMgr"/>
  <testcase name="testGetAllGlobalLocations" time="3.842" classname="locationbrowser.TestLocationPicker"/>
  <testcase name="testPinPoint" time="0.449" classname="locationbrowser.TestLocationPicker"/>
  <testcase name="testPinPointForInvalidLatLng" time="0.41" classname="locationbrowser.TestLocationPicker"/>
  <testcase name="deleteWishList" time="1.023" classname="wishlist.TestWishListMgr"/>
  <testcase name="testVoteForInvalidLocation" time="0.614" classname="locationbrowser.TestVotingManager"/>
  <testcase name="testVoteForInvalidUser" time="0.819" classname="locationbrowser.TestVotingManager"/>
  <testcase name="testVoteForLocation" time="1.838" classname="locationbrowser.TestVotingManager"/>
  <testcase name="testListOfEmailIds" time="0.414" classname="TestEmailNotifier"/>
  <testcase name="testEmailNotification" time="0.0" classname="TestEmailNotifier">
    <ignored/>
  </testcase> <!-- testEmailNotification -->
  <testcase name="loadLatLngData" time="0.0" classname="dynamoDB.TestDynamoDbClient">
    <ignored/>
  </testcase> <!-- loadLatLngData -->
</testsuite> <!-- Command line test -->
