<?xml version="1.0" encoding="UTF-8"?>
<!-- Generated by org.testng.reporters.JUnitXMLReporter -->
<testsuite hostname="MacBook-Pro" ignored="2" name="Command line test" tests="20" failures="0" timestamp="05 Nov 2017 09:30:47 GMT" time="36.576" errors="0">
  <testcase name="testCreateWishList" time="14.658" classname="wishlist.TestWishListMgr"/>
  <testcase name="testaddToInvalidWishList" time="0.788" classname="wishlist.TestWishListMgr"/>
  <testcase name="getUserById" time="0.406" classname="dynamoDB.TestDynamoDbClient"/>
  <testcase name="testAmazonDynamoDBClientCreation" time="0.001" classname="dynamoDB.TestDynamoDbClient"/>
  <testcase name="testLocationDetailsPersistance" time="0.325" classname="dynamoDB.TestDynamoDbClient"/>
  <testcase name="testUserDetailsPersistance" time="1.25" classname="dynamoDB.TestDynamoDbClient"/>
  <testcase name="testWishlistDetailsPersistance" time="7.638" classname="dynamoDB.TestDynamoDbClient"/>
  <testcase name="testaddToWishList" time="1.169" classname="wishlist.TestWishListMgr"/>
  <testcase name="testListOfLocsByCountry" time="0.401" classname="locationbrowser.TestLocationBrowser"/>
  <testcase name="testListOfLocsByDistance" time="0.442" classname="locationbrowser.TestLocationBrowser"/>
  <testcase name="testListOfLocsByVotes" time="0.361" classname="locationbrowser.TestLocationBrowser"/>
  <testcase name="testGetWishList" time="0.418" classname="wishlist.TestWishListMgr"/>
  <testcase name="testGetAllGlobalLocations" time="3.069" classname="locationbrowser.TestLocationPicker"/>
  <testcase name="testPinPoint" time="0.29" classname="locationbrowser.TestLocationPicker"/>
  <testcase name="testPinPointForInvalidLatLng" time="0.414" classname="locationbrowser.TestLocationPicker"/>
  <testcase name="deleteWishList" time="0.742" classname="wishlist.TestWishListMgr"/>
  <testcase name="testVoteForInvalidLocation" time="0.29" classname="locationbrowser.TestVotingManager"/>
  <testcase name="testVoteForInvalidUser" time="0.67" classname="locationbrowser.TestVotingManager"/>
  <testcase name="testVoteForLocation" time="2.271" classname="locationbrowser.TestVotingManager"/>
  <testcase name="testListOfEmailIds" time="0.949" classname="TestEmailNotifier"/>
  <testcase name="testEmailNotification" time="0.0" classname="TestEmailNotifier">
    <ignored/>
  </testcase> <!-- testEmailNotification -->
  <testcase name="loadLatLngData" time="0.0" classname="dynamoDB.TestDynamoDbClient">
    <ignored/>
  </testcase> <!-- loadLatLngData -->
</testsuite> <!-- Command line test -->
