<?xml version="1.0" encoding="UTF-8" ?>
<testsuite tests="20" failures="0" name="TestSuite" time="36.549" errors="0" skipped="0">
  <properties>
[...]
</properties>
  <testcase classname="wishlist.TestWishListMgr" name="testCreateWishList" time="14.66"/>
  <testcase classname="wishlist.TestWishListMgr" name="testaddToInvalidWishList" time="0.784"/>
  <testcase classname="dynamoDB.TestDynamoDbClient" name="getUserById" time="0.407"/>
  <testcase classname="dynamoDB.TestDynamoDbClient" name="testAmazonDynamoDBClientCreation" time="0.001"/>
  <testcase classname="dynamoDB.TestDynamoDbClient" name="testLocationDetailsPersistance" time="0.324"/>
  <testcase classname="dynamoDB.TestDynamoDbClient" name="testUserDetailsPersistance" time="1.251"/>
  <testcase classname="dynamoDB.TestDynamoDbClient" name="testWishlistDetailsPersistance" time="7.638"/>
  <testcase classname="wishlist.TestWishListMgr" name="testaddToWishList" time="1.168"/>
  <testcase classname="locationbrowser.TestLocationBrowser" name="testListOfLocsByCountry" time="0.402"/>
  <testcase classname="locationbrowser.TestLocationBrowser" name="testListOfLocsByDistance" time="0.447"/>
  <testcase classname="locationbrowser.TestLocationBrowser" name="testListOfLocsByVotes" time="0.36"/>
  <testcase classname="wishlist.TestWishListMgr" name="testGetWishList" time="0.414"/>
  <testcase classname="locationbrowser.TestLocationPicker" name="testGetAllGlobalLocations" time="3.068"/>
  <testcase classname="locationbrowser.TestLocationPicker" name="testPinPoint" time="0.29"/>
  <testcase classname="locationbrowser.TestLocationPicker" name="testPinPointForInvalidLatLng" time="0.413"/>
  <testcase classname="wishlist.TestWishListMgr" name="deleteWishList" time="0.74"/>
  <testcase classname="locationbrowser.TestVotingManager" name="testVoteForInvalidLocation" time="0.291"/>
  <testcase classname="locationbrowser.TestVotingManager" name="testVoteForInvalidUser" time="0.671"/>
  <testcase classname="locationbrowser.TestVotingManager" name="testVoteForLocation" time="2.27"/>
  <testcase classname="TestEmailNotifier" name="testListOfEmailIds" time="0.95"/>
</testsuite>