<?xml version="1.0" encoding="UTF-8"?>
<testsuite xmlns:xsi="http://www.w3.org/2001/XMLSchema-instance" xsi:noNamespaceSchemaLocation="https://maven.apache.org/surefire/maven-surefire-plugin/xsd/surefire-test-report.xsd" name="wishlist.TestWishListMgr" time="22.112" tests="5" errors="0" skipped="0" failures="0">
  <properties>
[...]
</properties>
  <testcase name="testCreateWishList" classname="wishlist.TestWishListMgr" time="14.992"/>
  <testcase name="testaddToInvalidWishList" classname="wishlist.TestWishListMgr" time="0.854"/>
  <testcase name="testaddToWishList" classname="wishlist.TestWishListMgr" time="2.968"/>
  <testcase name="testGetWishList" classname="wishlist.TestWishListMgr" time="0.678"/>
  <testcase name="deleteWishList" classname="wishlist.TestWishListMgr" time="1.116"/>
</testsuite>