<?xml version="1.0" encoding="UTF-8"?>
<testng-results skipped="0" failed="0" ignored="0" total="5" passed="5">
  <reporter-output>
  </reporter-output>
  <suite name="Surefire suite" duration-ms="20629" started-at="2017-11-05T09:57:53Z" finished-at="2017-11-05T09:58:13Z">
    <groups>
    </groups>
    <test name="Surefire test" duration-ms="20629" started-at="2017-11-05T09:57:53Z" finished-at="2017-11-05T09:58:13Z">
      <class name="wishlist.TestWishListMgr">
        <test-method status="PASS" signature="testCreateWishList()[pri:0, instance:wishlist.TestWishListMgr@6fdbe764]" name="testCreateWishList" duration-ms="14993" started-at="2017-11-05T15:27:53Z" description="Testcase to create new wishlist for given user" finished-at="2017-11-05T15:28:08Z">
          <reporter-output>
          </reporter-output>
        </test-method> <!-- testCreateWishList -->
        <test-method status="PASS" signature="testaddToInvalidWishList()[pri:0, instance:wishlist.TestWishListMgr@6fdbe764]" name="testaddToInvalidWishList" duration-ms="856" started-at="2017-11-05T15:28:08Z" description="Negative test case to add location to non-existing wishlist" finished-at="2017-11-05T15:28:09Z">
          <exception class="techexe.expedia.exceptions.WishListDoesNotExistException">
            <message>
              <![CDATA[Wishlist for id XYZdoes not exist]]>
            </message>
            <full-stacktrace>
              <![CDATA[techexe.expedia.exceptions.WishListDoesNotExistException: Wishlist for id XYZdoes not exist
	at techexe.expedia.wishlist.WishListImpl.addToWishList(WishListImpl.java:59)
	at wishlist.TestWishListMgr.testaddToInvalidWishList(TestWishListMgr.java:78)
	at sun.reflect.NativeMethodAccessorImpl.invoke0(Native Method)
	at sun.reflect.NativeMethodAccessorImpl.invoke(NativeMethodAccessorImpl.java:62)
	at sun.reflect.DelegatingMethodAccessorImpl.invoke(DelegatingMethodAccessorImpl.java:43)
	at java.lang.reflect.Method.invoke(Method.java:498)
	at org.testng.internal.MethodInvocationHelper.invokeMethod(MethodInvocationHelper.java:108)
	at org.testng.internal.Invoker.invokeMethod(Invoker.java:661)
	at org.testng.internal.Invoker.invokeTestMethod(Invoker.java:869)
	at org.testng.internal.Invoker.invokeTestMethods(Invoker.java:1193)
	at org.testng.internal.TestMethodWorker.invokeTestMethods(TestMethodWorker.java:126)
	at org.testng.internal.TestMethodWorker.run(TestMethodWorker.java:109)
	at org.testng.TestRunner.privateRun(TestRunner.java:744)
	at org.testng.TestRunner.run(TestRunner.java:602)
	at org.testng.SuiteRunner.runTest(SuiteRunner.java:380)
	at org.testng.SuiteRunner.runSequentially(SuiteRunner.java:375)
	at org.testng.SuiteRunner.privateRun(SuiteRunner.java:340)
	at org.testng.SuiteRunner.run(SuiteRunner.java:289)
	at org.testng.SuiteRunnerWorker.runSuite(SuiteRunnerWorker.java:52)
	at org.testng.SuiteRunnerWorker.run(SuiteRunnerWorker.java:86)
	at org.testng.TestNG.runSuitesSequentially(TestNG.java:1301)
	at org.testng.TestNG.runSuitesLocally(TestNG.java:1226)
	at org.testng.TestNG.runSuites(TestNG.java:1144)
	at org.testng.TestNG.run(TestNG.java:1115)
	at org.apache.maven.surefire.testng.TestNGExecutor.run(TestNGExecutor.java:135)
	at org.apache.maven.surefire.testng.TestNGDirectoryTestSuite.executeSingleClass(TestNGDirectoryTestSuite.java:112)
	at org.apache.maven.surefire.testng.TestNGDirectoryTestSuite.execute(TestNGDirectoryTestSuite.java:99)
	at org.apache.maven.surefire.testng.TestNGProvider.invoke(TestNGProvider.java:146)
	at org.apache.maven.surefire.booter.ForkedBooter.invokeProviderInSameClassLoader(ForkedBooter.java:373)
	at org.apache.maven.surefire.booter.ForkedBooter.runSuitesInProcess(ForkedBooter.java:334)
	at org.apache.maven.surefire.booter.ForkedBooter.execute(ForkedBooter.java:119)
	at org.apache.maven.surefire.booter.ForkedBooter.main(ForkedBooter.java:407)
]]>
            </full-stacktrace>
          </exception> <!-- techexe.expedia.exceptions.WishListDoesNotExistException -->
          <reporter-output>
          </reporter-output>
        </test-method> <!-- testaddToInvalidWishList -->
        <test-method status="PASS" signature="testaddToWishList()[pri:0, instance:wishlist.TestWishListMgr@6fdbe764]" name="testaddToWishList" duration-ms="2968" started-at="2017-11-05T15:28:09Z" description="Test case to add location to existing wishlist" depends-on-methods="wishlist.TestWishListMgr.testCreateWishList" finished-at="2017-11-05T15:28:12Z">
          <reporter-output>
          </reporter-output>
        </test-method> <!-- testaddToWishList -->
        <test-method status="PASS" signature="testGetWishList()[pri:0, instance:wishlist.TestWishListMgr@6fdbe764]" name="testGetWishList" duration-ms="679" started-at="2017-11-05T15:28:12Z" description="Testcase to get wishlist for a user" depends-on-methods="wishlist.TestWishListMgr.testaddToWishList" finished-at="2017-11-05T15:28:12Z">
          <reporter-output>
          </reporter-output>
        </test-method> <!-- testGetWishList -->
        <test-method status="PASS" signature="deleteWishList()[pri:0, instance:wishlist.TestWishListMgr@6fdbe764]" name="deleteWishList" duration-ms="1116" started-at="2017-11-05T15:28:12Z" description="Test case to delete wishlist" depends-on-methods="wishlist.TestWishListMgr.testGetWishList" finished-at="2017-11-05T15:28:13Z">
          <reporter-output>
          </reporter-output>
        </test-method> <!-- deleteWishList -->
      </class> <!-- wishlist.TestWishListMgr -->
    </test> <!-- Surefire test -->
  </suite> <!-- Surefire suite -->
</testng-results>
